2024-06-28 09:49:33,040 [Worker-8: Loading available Gradle versions] INFO  o.e.b.c.i.u.g.PublishedGradleVersions - Gradle version information cache is out-of-date. Trying to update.
2024-06-28 09:58:52,529 [Worker-17: Importing Maven projects] INFO  o.e.m.c.i.l.LifecycleMappingFactory - Using org.eclipse.m2e.jdt.JarLifecycleMapping lifecycle mapping for MavenProject: com.crlsistemas:booknetwork:0.0.1-SNAPSHOT @ /home/cleversoncoelho/MEGA/MEGAsync/Projetos/ProjEclipse/bookSocialNetwork/booknetwork/pom.xml.
2024-06-28 09:58:58,621 [Worker-17: Importing Maven projects] INFO  o.e.m.j.i.AbstractJavaProjectConfigurator - Adding source folder /booknetwork/src/main/java
2024-06-28 09:58:58,625 [Worker-17: Importing Maven projects] INFO  o.e.m.j.i.AbstractJavaProjectConfigurator - Adding resource folder /booknetwork/src/main/resources
2024-06-28 09:58:58,630 [Worker-17: Importing Maven projects] INFO  o.e.m.j.i.AbstractJavaProjectConfigurator - Adding resource folder /booknetwork/src/main/resources
2024-06-28 09:58:58,640 [Worker-17: Importing Maven projects] INFO  o.e.m.j.i.AbstractJavaProjectConfigurator - Adding source folder /booknetwork/src/test/java
2024-06-28 09:58:58,642 [Worker-17: Importing Maven projects] INFO  o.e.m.j.i.AbstractJavaProjectConfigurator - Adding resource folder /booknetwork/src/test/resources
2024-06-28 09:59:03,151 [Worker-17: Importing Maven projects] INFO  o.e.m.c.i.p.ProjectConfigurationManager - Imported and configured 1 project(s) in 17 sec
2024-06-28 09:59:03,571 [Worker-19: Updating Maven Project] INFO  o.e.m.c.i.p.ProjectConfigurationManager - Update started
2024-06-28 09:59:04,842 [Worker-19: Updating Maven Project] INFO  o.e.m.c.i.l.LifecycleMappingFactory - Using org.eclipse.m2e.jdt.JarLifecycleMapping lifecycle mapping for MavenProject: com.crlsistemas:booknetwork:0.0.1-SNAPSHOT @ /home/cleversoncoelho/MEGA/MEGAsync/Projetos/ProjEclipse/bookSocialNetwork/booknetwork/pom.xml.
2024-06-28 09:59:06,267 [Worker-19: Updating Maven Project] INFO  o.e.m.j.i.AbstractJavaProjectConfigurator - Adding source folder /booknetwork/src/main/java
2024-06-28 09:59:06,268 [Worker-19: Updating Maven Project] INFO  o.e.m.j.i.AbstractJavaProjectConfigurator - Adding resource folder /booknetwork/src/main/resources
2024-06-28 09:59:06,270 [Worker-19: Updating Maven Project] INFO  o.e.m.j.i.AbstractJavaProjectConfigurator - Adding resource folder /booknetwork/src/main/resources
2024-06-28 09:59:06,272 [Worker-19: Updating Maven Project] INFO  o.e.m.j.i.AbstractJavaProjectConfigurator - Adding source folder /booknetwork/src/test/java
2024-06-28 09:59:06,278 [Worker-19: Updating Maven Project] INFO  o.e.m.j.i.AbstractJavaProjectConfigurator - Adding resource folder /booknetwork/src/test/resources
2024-06-28 09:59:10,024 [Worker-19: Updating Maven Project] INFO  o.e.m.c.i.p.ProjectConfigurationManager - Update completed for 1 poms: local refresh takes 0,00 sec, refresh facades takes 2,00 sec, update config takes 0,00 sec 
2024-06-28 09:59:12,871 [Worker-21: Building] INFO  o.a.m.s.f.DefaultMavenResourcesFiltering - Copying 1 resource from src/main/resources to target/classes
2024-06-28 09:59:12,995 [Worker-21: Building] INFO  o.a.m.s.f.DefaultMavenResourcesFiltering - Copying 0 resource from src/main/resources to target/classes
2024-06-28 09:59:13,010 [Worker-21: Building] INFO  o.a.m.s.f.DefaultMavenResourcesFiltering - skip non existing resourceDirectory /home/cleversoncoelho/MEGA/MEGAsync/Projetos/ProjEclipse/bookSocialNetwork/booknetwork/src/test/resources
2024-06-28 10:00:52,547 [Worker-0: Loading available Gradle versions] INFO  o.e.b.c.i.u.g.PublishedGradleVersions - Gradle version information cache is up-to-date. Trying to read.
2024-06-28 10:05:51,997 [Worker-3: Loading available Gradle versions] INFO  o.e.b.c.i.u.g.PublishedGradleVersions - Gradle version information cache is up-to-date. Trying to read.
2024-06-28 10:07:15,358 [Worker-2: Loading available Gradle versions] INFO  o.e.b.c.i.u.g.PublishedGradleVersions - Gradle version information cache is up-to-date. Trying to read.
2024-06-28 10:08:37,527 [Worker-7: Importing Maven projects] INFO  o.e.m.c.i.l.LifecycleMappingFactory - Using org.eclipse.m2e.jdt.JarLifecycleMapping lifecycle mapping for MavenProject: com.crlsistemas:booknetwork:0.0.1-SNAPSHOT @ /home/cleversoncoelho/MEGA/MEGAsync/Projetos/ProjEclipse/bookSocialNetwork/booknetwork/pom.xml.
2024-06-28 10:08:39,881 [Worker-7: Importing Maven projects] INFO  o.e.m.j.i.AbstractJavaProjectConfigurator - Adding source folder /booknetwork/src/main/java
2024-06-28 10:08:39,886 [Worker-7: Importing Maven projects] INFO  o.e.m.j.i.AbstractJavaProjectConfigurator - Adding resource folder /booknetwork/src/main/resources
2024-06-28 10:08:39,892 [Worker-7: Importing Maven projects] INFO  o.e.m.j.i.AbstractJavaProjectConfigurator - Adding resource folder /booknetwork/src/main/resources
2024-06-28 10:08:39,898 [Worker-7: Importing Maven projects] INFO  o.e.m.j.i.AbstractJavaProjectConfigurator - Adding source folder /booknetwork/src/test/java
2024-06-28 10:08:39,900 [Worker-7: Importing Maven projects] INFO  o.e.m.j.i.AbstractJavaProjectConfigurator - Adding resource folder /booknetwork/src/test/resources
2024-06-28 10:08:41,445 [Worker-7: Importing Maven projects] INFO  o.e.m.c.i.p.ProjectConfigurationManager - Imported and configured 1 project(s) in 6 sec
2024-06-28 10:08:45,586 [Worker-7: Building] INFO  o.a.m.s.f.DefaultMavenResourcesFiltering - Copying 1 resource from src/main/resources to target/classes
2024-06-28 10:08:45,663 [Worker-7: Building] INFO  o.a.m.s.f.DefaultMavenResourcesFiltering - Copying 0 resource from src/main/resources to target/classes
2024-06-28 10:08:45,680 [Worker-7: Building] INFO  o.a.m.s.f.DefaultMavenResourcesFiltering - skip non existing resourceDirectory /home/cleversoncoelho/MEGA/MEGAsync/Projetos/ProjEclipse/bookSocialNetwork/booknetwork/src/test/resources
2024-06-28 10:43:35,392 [Worker-4: Building] INFO  o.e.m.c.i.l.LifecycleMappingFactory - Using org.eclipse.m2e.jdt.JarLifecycleMapping lifecycle mapping for MavenProject: com.crlsistemas:booknetwork:0.0.1-SNAPSHOT @ /home/cleversoncoelho/MEGA/MEGAsync/Projetos/ProjEclipse/bookSocialNetwork/booknetwork/pom.xml.
2024-06-28 10:43:36,427 [Worker-4: Building] INFO  o.a.m.s.f.DefaultMavenResourcesFiltering - Copying 0 resource from src/main/resources to target/classes
2024-06-28 10:43:36,432 [Worker-4: Building] INFO  o.a.m.s.f.DefaultMavenResourcesFiltering - Copying 0 resource from src/main/resources to target/classes
2024-06-28 10:43:36,497 [Worker-4: Building] INFO  o.a.m.s.f.DefaultMavenResourcesFiltering - skip non existing resourceDirectory /home/cleversoncoelho/MEGA/MEGAsync/Projetos/ProjEclipse/bookSocialNetwork/booknetwork/src/test/resources
2024-06-28 10:43:38,918 [Worker-20: Building] INFO  o.a.m.s.f.DefaultMavenResourcesFiltering - Copying 1 resource from src/main/resources to target/classes
2024-06-28 10:43:38,984 [Worker-20: Building] INFO  o.a.m.s.f.DefaultMavenResourcesFiltering - Copying 0 resource from src/main/resources to target/classes
2024-06-28 10:43:39,010 [Worker-20: Building] INFO  o.a.m.s.f.DefaultMavenResourcesFiltering - skip non existing resourceDirectory /home/cleversoncoelho/MEGA/MEGAsync/Projetos/ProjEclipse/bookSocialNetwork/booknetwork/src/test/resources
2024-06-28 10:44:05,090 [Worker-22: Building] INFO  o.e.m.c.i.l.LifecycleMappingFactory - Using org.eclipse.m2e.jdt.JarLifecycleMapping lifecycle mapping for MavenProject: com.crlsistemas:booknetwork:0.0.1-SNAPSHOT @ /home/cleversoncoelho/MEGA/MEGAsync/Projetos/ProjEclipse/bookSocialNetwork/booknetwork/pom.xml.
2024-06-28 10:44:05,958 [Worker-22: Building] INFO  o.a.m.s.f.DefaultMavenResourcesFiltering - Copying 0 resource from src/main/resources to target/classes
2024-06-28 10:44:05,959 [Worker-22: Building] INFO  o.a.m.s.f.DefaultMavenResourcesFiltering - Copying 0 resource from src/main/resources to target/classes
2024-06-28 10:44:05,969 [Worker-22: Building] INFO  o.a.m.s.f.DefaultMavenResourcesFiltering - skip non existing resourceDirectory /home/cleversoncoelho/MEGA/MEGAsync/Projetos/ProjEclipse/bookSocialNetwork/booknetwork/src/test/resources
2024-06-28 10:44:07,558 [Worker-22: Building] INFO  o.a.m.s.f.DefaultMavenResourcesFiltering - Copying 1 resource from src/main/resources to target/classes
2024-06-28 10:44:07,578 [Worker-22: Building] INFO  o.a.m.s.f.DefaultMavenResourcesFiltering - Copying 0 resource from src/main/resources to target/classes
2024-06-28 10:44:07,585 [Worker-22: Building] INFO  o.a.m.s.f.DefaultMavenResourcesFiltering - skip non existing resourceDirectory /home/cleversoncoelho/MEGA/MEGAsync/Projetos/ProjEclipse/bookSocialNetwork/booknetwork/src/test/resources
2024-06-28 10:45:36,373 [Worker-4: Building] INFO  o.a.m.s.f.DefaultMavenResourcesFiltering - Copying 0 resource from src/main/resources to target/classes
2024-06-28 10:45:36,379 [Worker-4: Building] INFO  o.a.m.s.f.DefaultMavenResourcesFiltering - Copying 0 resource from src/main/resources to target/classes
2024-06-28 10:45:36,388 [Worker-4: Building] INFO  o.a.m.s.f.DefaultMavenResourcesFiltering - skip non existing resourceDirectory /home/cleversoncoelho/MEGA/MEGAsync/Projetos/ProjEclipse/bookSocialNetwork/booknetwork/src/test/resources
2024-06-28 10:45:49,777 [Worker-21: Building] INFO  o.a.m.s.f.DefaultMavenResourcesFiltering - Copying 0 resource from src/main/resources to target/classes
2024-06-28 10:45:49,778 [Worker-21: Building] INFO  o.a.m.s.f.DefaultMavenResourcesFiltering - Copying 0 resource from src/main/resources to target/classes
2024-06-28 10:45:49,784 [Worker-21: Building] INFO  o.a.m.s.f.DefaultMavenResourcesFiltering - skip non existing resourceDirectory /home/cleversoncoelho/MEGA/MEGAsync/Projetos/ProjEclipse/bookSocialNetwork/booknetwork/src/test/resources
2024-06-28 11:03:28,077 [Worker-64: Building] INFO  o.a.m.s.f.DefaultMavenResourcesFiltering - Copying 1 resource from src/main/resources to target/classes
2024-06-28 11:03:28,082 [Worker-64: Building] INFO  o.a.m.s.f.DefaultMavenResourcesFiltering - Copying 0 resource from src/main/resources to target/classes
2024-06-28 11:03:28,092 [Worker-64: Building] INFO  o.a.m.s.f.DefaultMavenResourcesFiltering - skip non existing resourceDirectory /home/cleversoncoelho/MEGA/MEGAsync/Projetos/ProjEclipse/bookSocialNetwork/booknetwork/src/test/resources
2024-06-28 11:04:05,031 [Worker-65: Building] INFO  o.a.m.s.f.DefaultMavenResourcesFiltering - Copying 1 resource from src/main/resources to target/classes
2024-06-28 11:04:05,033 [Worker-65: Building] INFO  o.a.m.s.f.DefaultMavenResourcesFiltering - Copying 0 resource from src/main/resources to target/classes
2024-06-28 11:04:05,043 [Worker-65: Building] INFO  o.a.m.s.f.DefaultMavenResourcesFiltering - skip non existing resourceDirectory /home/cleversoncoelho/MEGA/MEGAsync/Projetos/ProjEclipse/bookSocialNetwork/booknetwork/src/test/resources
2024-06-28 11:04:53,534 [Worker-54: Building] INFO  o.a.m.s.f.DefaultMavenResourcesFiltering - Copying 0 resource from src/main/resources to target/classes
2024-06-28 11:04:53,549 [Worker-54: Building] INFO  o.a.m.s.f.DefaultMavenResourcesFiltering - Copying 0 resource from src/main/resources to target/classes
2024-06-28 11:04:53,569 [Worker-54: Building] INFO  o.a.m.s.f.DefaultMavenResourcesFiltering - skip non existing resourceDirectory /home/cleversoncoelho/MEGA/MEGAsync/Projetos/ProjEclipse/bookSocialNetwork/booknetwork/src/test/resources
2024-06-28 11:05:09,446 [Worker-65: Building] INFO  o.a.m.s.f.DefaultMavenResourcesFiltering - Copying 1 resource from src/main/resources to target/classes
2024-06-28 11:05:09,447 [Worker-65: Building] INFO  o.a.m.s.f.DefaultMavenResourcesFiltering - Copying 0 resource from src/main/resources to target/classes
2024-06-28 11:05:09,468 [Worker-65: Building] INFO  o.a.m.s.f.DefaultMavenResourcesFiltering - skip non existing resourceDirectory /home/cleversoncoelho/MEGA/MEGAsync/Projetos/ProjEclipse/bookSocialNetwork/booknetwork/src/test/resources
2024-06-28 11:05:25,483 [Worker-54: Building] INFO  o.a.m.s.f.DefaultMavenResourcesFiltering - Copying 1 resource from src/main/resources to target/classes
2024-06-28 11:05:25,526 [Worker-54: Building] INFO  o.a.m.s.f.DefaultMavenResourcesFiltering - Copying 0 resource from src/main/resources to target/classes
2024-06-28 11:05:25,539 [Worker-54: Building] INFO  o.a.m.s.f.DefaultMavenResourcesFiltering - skip non existing resourceDirectory /home/cleversoncoelho/MEGA/MEGAsync/Projetos/ProjEclipse/bookSocialNetwork/booknetwork/src/test/resources
2024-06-28 11:10:08,570 [Worker-75: Building] INFO  o.a.m.s.f.DefaultMavenResourcesFiltering - Copying 0 resource from src/main/resources to target/classes
2024-06-28 11:10:08,571 [Worker-75: Building] INFO  o.a.m.s.f.DefaultMavenResourcesFiltering - Copying 1 resource from src/main/resources to target/classes
2024-06-28 11:10:08,584 [Worker-75: Building] INFO  o.a.m.s.f.DefaultMavenResourcesFiltering - skip non existing resourceDirectory /home/cleversoncoelho/MEGA/MEGAsync/Projetos/ProjEclipse/bookSocialNetwork/booknetwork/src/test/resources
2024-06-28 11:12:33,979 [Worker-72: Building] INFO  o.a.m.s.f.DefaultMavenResourcesFiltering - Copying 0 resource from src/main/resources to target/classes
2024-06-28 11:12:34,020 [Worker-72: Building] INFO  o.a.m.s.f.DefaultMavenResourcesFiltering - Copying 1 resource from src/main/resources to target/classes
2024-06-28 11:12:34,059 [Worker-72: Building] INFO  o.a.m.s.f.DefaultMavenResourcesFiltering - skip non existing resourceDirectory /home/cleversoncoelho/MEGA/MEGAsync/Projetos/ProjEclipse/bookSocialNetwork/booknetwork/src/test/resources
2024-06-28 11:13:47,818 [Worker-69: Building] INFO  o.a.m.s.f.DefaultMavenResourcesFiltering - Copying 3 resources from src/main/resources to target/classes
2024-06-28 11:13:47,997 [Worker-69: Building] INFO  o.a.m.s.f.DefaultMavenResourcesFiltering - Copying 1 resource from src/main/resources to target/classes
2024-06-28 11:13:48,005 [Worker-69: Building] INFO  o.a.m.s.f.DefaultMavenResourcesFiltering - skip non existing resourceDirectory /home/cleversoncoelho/MEGA/MEGAsync/Projetos/ProjEclipse/bookSocialNetwork/booknetwork/src/test/resources
2024-06-28 11:28:03,744 [Worker-112: Building] INFO  o.a.m.s.f.DefaultMavenResourcesFiltering - Copying 3 resources from src/main/resources to target/classes
2024-06-28 11:28:03,799 [Worker-112: Building] INFO  o.a.m.s.f.DefaultMavenResourcesFiltering - Copying 1 resource from src/main/resources to target/classes
2024-06-28 11:28:03,823 [Worker-112: Building] INFO  o.a.m.s.f.DefaultMavenResourcesFiltering - skip non existing resourceDirectory /home/cleversoncoelho/MEGA/MEGAsync/Projetos/ProjEclipse/bookSocialNetwork/booknetwork/src/test/resources
